Change Component Designator: OldDesignator=C? NewDesignator=C3
Change Component Designator: OldDesignator=C? NewDesignator=C4
Change Component Designator: OldDesignator=C? NewDesignator=C5
Change Component Designator: OldDesignator=R? NewDesignator=R1
Change Component Designator: OldDesignator=R? NewDesignator=R2
Change Component Designator: OldDesignator=R? NewDesignator=R3
Change Component Designator: OldDesignator=R? NewDesignator=R41
Change Component Designator: OldDesignator=U? NewDesignator=U2
Change Component Designator: OldDesignator=U? NewDesignator=U3
Change Component Designator: OldDesignator=XP? NewDesignator=XP1
Change Net Name : Old Net Name=NetR?_2 New Net Name=NetR41_2
Change Net Name : Old Net Name=NetU5_1 New Net Name=NetU2_43
Change Net Name : Old Net Name=NetU5_10 New Net Name=NetU2_45
Change Net Name : Old Net Name=NetU5_11 New Net Name=NetU2_44
Change Net Name : Old Net Name=NetU5_14 New Net Name=NetU2_42
Added Member To Class: ClassName=PI_R3_REV1_MCU Member=Component C4 Cap_0805
Added Member To Class: ClassName=PI_R3_REV1_MCU Member=Component C5 Cap_0805
Added Member To Class: ClassName=PI_R3_REV1_MCU Member=Component R1
Added Member To Class: ClassName=PI_R3_REV1_MCU Member=Component R2
Added Member To Class: ClassName=PI_R3_REV1_MCU Member=Component R41
Added Member To Class: ClassName=PI_R3_REV1_MCU Member=Component U2 STM32F030R8T6TR
