Change Component Footprint: Designator=R5 Old Footprint=RES: 0603 New Footprint=RES: 0402
Change Component Footprint: Designator=R7 Old Footprint=RES: 0603 New Footprint=RES: 0402
Change Component Footprint: Designator=R9 Old Footprint=RES: 0603 New Footprint=RES: 0402
Change Component Footprint: Designator=R11 Old Footprint=RES: 0603 New Footprint=RES: 0402
Change Component Footprint: Designator=R13 Old Footprint=RES: 0603 New Footprint=RES: 0402
Change Component Footprint: Designator=R15 Old Footprint=RES: 0603 New Footprint=RES: 0402
Change Component Footprint: Designator=R17 Old Footprint=RES: 0603 New Footprint=RES: 0402
Change Component Footprint: Designator=R19 Old Footprint=RES: 0603 New Footprint=RES: 0402
Change Component Footprint: Designator=R21 Old Footprint=RES: 0603 New Footprint=RES: 0402
Change Component Comment : Designator=R5 Old Comment=Resistor_0603 New Comment=
Change Component Comment : Designator=R7 Old Comment=Resistor_0603 New Comment=
Change Component Comment : Designator=R9 Old Comment=Resistor_0603 New Comment=
Change Component Comment : Designator=R11 Old Comment=Resistor_0603 New Comment=
Change Component Comment : Designator=R13 Old Comment=Resistor_0603 New Comment=
Change Component Comment : Designator=R15 Old Comment=Resistor_0603 New Comment=
Change Component Comment : Designator=R17 Old Comment=Resistor_0603 New Comment=
Change Component Comment : Designator=R19 Old Comment=Resistor_0603 New Comment=
Change Component Comment : Designator=R21 Old Comment=Resistor_0603 New Comment=
Change component parameters: Designator = "R5" ("R5"); Footprint = "RES: 0603"; UniqueID = "\GTMLQRYY\DHWROELA" ("\GTMLQRYY\DHWROELA")
Change component parameters (AddParameter): Name = "Datasheet"; Value = ""; VariantName = "[No Variations]"
Change component parameters (AddParameter): Name = "HelpURL"; Value = ""; VariantName = "[No Variations]"
Change component parameters (AddParameter): Name = "Manufacturer"; Value = ""; VariantName = "[No Variations]"
Change component parameters (AddParameter): Name = "Package/Case"; Value = "0402"; VariantName = "[No Variations]"
Change component parameters (AddParameter): Name = "Product Category"; Value = "Resistors"; VariantName = "[No Variations]"
Change component parameters (AddParameter): Name = "Temperature"; Value = "-55...+125°C"; VariantName = "[No Variations]"
Change component parameters (AddParameter): Name = "Tolerance"; Value = "±5%"; VariantName = "[No Variations]"
Change component parameters (AddParameter): Name = "Value"; Value = "150"; VariantName = "[No Variations]"
Change component parameters: Designator = "R7" ("R7"); Footprint = "RES: 0603"; UniqueID = "\GTMLQRYY\WCCCOAZD" ("\GTMLQRYY\WCCCOAZD")
Change component parameters (AddParameter): Name = "Datasheet"; Value = ""; VariantName = "[No Variations]"
Change component parameters (AddParameter): Name = "HelpURL"; Value = ""; VariantName = "[No Variations]"
Change component parameters (AddParameter): Name = "Manufacturer"; Value = ""; VariantName = "[No Variations]"
Change component parameters (AddParameter): Name = "Package/Case"; Value = "0402"; VariantName = "[No Variations]"
Change component parameters (AddParameter): Name = "Product Category"; Value = "Resistors"; VariantName = "[No Variations]"
Change component parameters (AddParameter): Name = "Temperature"; Value = "-55...+125°C"; VariantName = "[No Variations]"
Change component parameters (AddParameter): Name = "Tolerance"; Value = "±5%"; VariantName = "[No Variations]"
Change component parameters (AddParameter): Name = "Value"; Value = "150"; VariantName = "[No Variations]"
Change component parameters: Designator = "R9" ("R9"); Footprint = "RES: 0603"; UniqueID = "\GTMLQRYY\NJRVXMFW" ("\GTMLQRYY\NJRVXMFW")
Change component parameters (AddParameter): Name = "Datasheet"; Value = ""; VariantName = "[No Variations]"
Change component parameters (AddParameter): Name = "HelpURL"; Value = ""; VariantName = "[No Variations]"
Change component parameters (AddParameter): Name = "Manufacturer"; Value = ""; VariantName = "[No Variations]"
Change component parameters (AddParameter): Name = "Package/Case"; Value = "0402"; VariantName = "[No Variations]"
Change component parameters (AddParameter): Name = "Product Category"; Value = "Resistors"; VariantName = "[No Variations]"
Change component parameters (AddParameter): Name = "Temperature"; Value = "-55...+125°C"; VariantName = "[No Variations]"
Change component parameters (AddParameter): Name = "Tolerance"; Value = "±5%"; VariantName = "[No Variations]"
Change component parameters (AddParameter): Name = "Value"; Value = "150"; VariantName = "[No Variations]"
Change component parameters: Designator = "R11" ("R11"); Footprint = "RES: 0603"; UniqueID = "\GTMLQRYY\KKDVEUYL" ("\GTMLQRYY\KKDVEUYL")
Change component parameters (AddParameter): Name = "Datasheet"; Value = ""; VariantName = "[No Variations]"
Change component parameters (AddParameter): Name = "HelpURL"; Value = ""; VariantName = "[No Variations]"
Change component parameters (AddParameter): Name = "Manufacturer"; Value = ""; VariantName = "[No Variations]"
Change component parameters (AddParameter): Name = "Package/Case"; Value = "0402"; VariantName = "[No Variations]"
Change component parameters (AddParameter): Name = "Product Category"; Value = "Resistors"; VariantName = "[No Variations]"
Change component parameters (AddParameter): Name = "Temperature"; Value = "-55...+125°C"; VariantName = "[No Variations]"
Change component parameters (AddParameter): Name = "Tolerance"; Value = "±5%"; VariantName = "[No Variations]"
Change component parameters (AddParameter): Name = "Value"; Value = "150"; VariantName = "[No Variations]"
Change component parameters: Designator = "R13" ("R13"); Footprint = "RES: 0603"; UniqueID = "\GTMLQRYY\TXJXWTIL" ("\GTMLQRYY\TXJXWTIL")
Change component parameters (AddParameter): Name = "Datasheet"; Value = ""; VariantName = "[No Variations]"
Change component parameters (AddParameter): Name = "HelpURL"; Value = ""; VariantName = "[No Variations]"
Change component parameters (AddParameter): Name = "Manufacturer"; Value = ""; VariantName = "[No Variations]"
Change component parameters (AddParameter): Name = "Package/Case"; Value = "0402"; VariantName = "[No Variations]"
Change component parameters (AddParameter): Name = "Product Category"; Value = "Resistors"; VariantName = "[No Variations]"
Change component parameters (AddParameter): Name = "Temperature"; Value = "-55...+125°C"; VariantName = "[No Variations]"
Change component parameters (AddParameter): Name = "Tolerance"; Value = "±5%"; VariantName = "[No Variations]"
Change component parameters (AddParameter): Name = "Value"; Value = "150"; VariantName = "[No Variations]"
Change component parameters: Designator = "R15" ("R15"); Footprint = "RES: 0603"; UniqueID = "\GTMLQRYY\QDQGXCOR" ("\GTMLQRYY\QDQGXCOR")
Change component parameters (AddParameter): Name = "Datasheet"; Value = ""; VariantName = "[No Variations]"
Change component parameters (AddParameter): Name = "HelpURL"; Value = ""; VariantName = "[No Variations]"
Change component parameters (AddParameter): Name = "Manufacturer"; Value = ""; VariantName = "[No Variations]"
Change component parameters (AddParameter): Name = "Package/Case"; Value = "0402"; VariantName = "[No Variations]"
Change component parameters (AddParameter): Name = "Product Category"; Value = "Resistors"; VariantName = "[No Variations]"
Change component parameters (AddParameter): Name = "Temperature"; Value = "-55...+125°C"; VariantName = "[No Variations]"
Change component parameters (AddParameter): Name = "Tolerance"; Value = "±5%"; VariantName = "[No Variations]"
Change component parameters (AddParameter): Name = "Value"; Value = "150"; VariantName = "[No Variations]"
Change component parameters: Designator = "R17" ("R17"); Footprint = "RES: 0603"; UniqueID = "\GTMLQRYY\JXRWMRAC" ("\GTMLQRYY\JXRWMRAC")
Change component parameters (AddParameter): Name = "Datasheet"; Value = ""; VariantName = "[No Variations]"
Change component parameters (AddParameter): Name = "HelpURL"; Value = ""; VariantName = "[No Variations]"
Change component parameters (AddParameter): Name = "Manufacturer"; Value = ""; VariantName = "[No Variations]"
Change component parameters (AddParameter): Name = "Package/Case"; Value = "0402"; VariantName = "[No Variations]"
Change component parameters (AddParameter): Name = "Product Category"; Value = "Resistors"; VariantName = "[No Variations]"
Change component parameters (AddParameter): Name = "Temperature"; Value = "-55...+125°C"; VariantName = "[No Variations]"
Change component parameters (AddParameter): Name = "Tolerance"; Value = "±5%"; VariantName = "[No Variations]"
Change component parameters (AddParameter): Name = "Value"; Value = "150"; VariantName = "[No Variations]"
Change component parameters: Designator = "R19" ("R19"); Footprint = "RES: 0603"; UniqueID = "\GTMLQRYY\INOGWXFQ" ("\GTMLQRYY\INOGWXFQ")
Change component parameters (AddParameter): Name = "Datasheet"; Value = ""; VariantName = "[No Variations]"
Change component parameters (AddParameter): Name = "HelpURL"; Value = ""; VariantName = "[No Variations]"
Change component parameters (AddParameter): Name = "Manufacturer"; Value = ""; VariantName = "[No Variations]"
Change component parameters (AddParameter): Name = "Package/Case"; Value = "0402"; VariantName = "[No Variations]"
Change component parameters (AddParameter): Name = "Product Category"; Value = "Resistors"; VariantName = "[No Variations]"
Change component parameters (AddParameter): Name = "Temperature"; Value = "-55...+125°C"; VariantName = "[No Variations]"
Change component parameters (AddParameter): Name = "Tolerance"; Value = "±5%"; VariantName = "[No Variations]"
Change component parameters (AddParameter): Name = "Value"; Value = "150"; VariantName = "[No Variations]"
Change component parameters: Designator = "R21" ("R21"); Footprint = "RES: 0603"; UniqueID = "\GTMLQRYY\LZKQUVDT" ("\GTMLQRYY\LZKQUVDT")
Change component parameters (AddParameter): Name = "Datasheet"; Value = ""; VariantName = "[No Variations]"
Change component parameters (AddParameter): Name = "HelpURL"; Value = ""; VariantName = "[No Variations]"
Change component parameters (AddParameter): Name = "Manufacturer"; Value = ""; VariantName = "[No Variations]"
Change component parameters (AddParameter): Name = "Package/Case"; Value = "0402"; VariantName = "[No Variations]"
Change component parameters (AddParameter): Name = "Product Category"; Value = "Resistors"; VariantName = "[No Variations]"
Change component parameters (AddParameter): Name = "Temperature"; Value = "-55...+125°C"; VariantName = "[No Variations]"
Change component parameters (AddParameter): Name = "Tolerance"; Value = "±5%"; VariantName = "[No Variations]"
Change component parameters (AddParameter): Name = "Value"; Value = "150"; VariantName = "[No Variations]"
