Added Component: Designator=U2(LQFP-64)
Add component (AddParameter): Name = "Analogue"; Value = ""; VariantName = "[No Variations]"
Add component (AddParameter): Name = "Datasheet"; Value = "https://eu.mouser.com/datasheet/2/389/stm32f413cg-1851205.pdf"; VariantName = "[No Variations]"
Add component (AddParameter): Name = "HelpURL"; Value = "https://eu.mouser.com/ProductDetail/STMicroelectronics/STM32F413RGT6?qs=FNcb6ahWXRyREY%252BFzgYY7A%3D%3D"; VariantName = "[No Variations]"
Add component (AddParameter): Name = "Manufacturer"; Value = "STMicroelectronics"; VariantName = "[No Variations]"
Add component (AddParameter): Name = "Package/Case"; Value = "LQFP-64"; VariantName = "[No Variations]"
Add component (AddParameter): Name = "Product Category"; Value = "Microcontrollers"; VariantName = "[No Variations]"
Add component (AddParameter): Name = "Value"; Value = ""; VariantName = "[No Variations]"
Added Pin To Net: NetName=+3V3 Pin=U2-1
Added Pin To Net: NetName=NetR41_2 Pin=U2-7
Added Pin To Net: NetName=GND Pin=U2-12
Added Pin To Net: NetName=+3V3 Pin=U2-13
Added Pin To Net: NetName=NetU2_29 Pin=U2-29
Added Pin To Net: NetName=NetU2_30 Pin=U2-30
Added Pin To Net: NetName=GND Pin=U2-31
Added Pin To Net: NetName=+3V3 Pin=U2-32
Added Pin To Net: NetName=NetU2_33 Pin=U2-33
Added Pin To Net: NetName=NetU2_34 Pin=U2-34
Added Pin To Net: NetName=NetU2_35 Pin=U2-35
Added Pin To Net: NetName=NetU2_36 Pin=U2-36
Added Pin To Net: NetName=NetU2_37 Pin=U2-37
Added Pin To Net: NetName=NetU2_38 Pin=U2-38
Added Pin To Net: NetName=NetU2_39 Pin=U2-39
Added Pin To Net: NetName=NetU2_40 Pin=U2-40
Added Pin To Net: NetName=NetU2_41 Pin=U2-41
Added Pin To Net: NetName=NetU2_42 Pin=U2-42
Added Pin To Net: NetName=NetU2_43 Pin=U2-43
Added Pin To Net: NetName=NetU2_44 Pin=U2-44
Added Pin To Net: NetName=NetU2_45 Pin=U2-45
Added Pin To Net: NetName=SWDIO Pin=U2-46
Added Pin To Net: NetName=GND Pin=U2-47
Added Pin To Net: NetName=+3V3 Pin=U2-48
Added Pin To Net: NetName=SWCLK Pin=U2-49
Added Pin To Net: NetName=BOOT_0 Pin=U2-60
Added Pin To Net: NetName=GND Pin=U2-63
Added Pin To Net: NetName=+3V3 Pin=U2-64
Added Pin To Net: NetName=SPI_1_MISO Pin=U2-22
Added Net: Name=SPI_1_MISO
Added Pin To Net: NetName=SPI_1_MOSI Pin=U2-23
Added Net: Name=SPI_1_MOSI
Added Pin To Net: NetName=SPI_1_SCK Pin=U2-21
Added Net: Name=SPI_1_SCK
Added Member To Class: ClassName=U_PI_R3_REV1_MCU Member=Component U2 STM32F413RGT6
