Removed Pin From Net: NetName=GND Pin=C1-1
Removed Pin From Net: NetName=+5V Pin=C1-2
Removed Pin From Net: NetName=GND Pin=C2-1
Removed Pin From Net: NetName=+5V Pin=C2-2
Removed Pin From Net: NetName=GND Pin=C3-1
Removed Pin From Net: NetName=+3V3 Pin=C3-2
Removed Pin From Net: NetName=GND Pin=C4-1
Removed Pin From Net: NetName=+3V3 Pin=C4-2
Removed Pin From Net: NetName=GND Pin=C5-1
Removed Pin From Net: NetName=+3V3 Pin=C5-2
Removed Pin From Net: NetName=GND Pin=C6-1
Removed Pin From Net: NetName=+3V3 Pin=C6-2
Removed Pin From Net: NetName=GND Pin=C7-1
Removed Pin From Net: NetName=+5V Pin=C7-2
Removed Pin From Net: NetName=GND Pin=C8-1
Removed Pin From Net: NetName=+3V3 Pin=C8-2
Removed Pin From Net: NetName=GND Pin=C9-1
Removed Pin From Net: NetName=+3V3 Pin=C9-2
Removed Pin From Net: NetName=GND Pin=C10-1
Removed Pin From Net: NetName=+3V3 Pin=C10-2
Removed Pin From Net: NetName=GND Pin=C11-2
Removed Pin From Net: NetName=GND Pin=C13-1
Removed Pin From Net: NetName=+3V3 Pin=C13-2
Removed Pin From Net: NetName=+3V3 Pin=C14-1
Removed Pin From Net: NetName=GND Pin=C14-2
Removed Pin From Net: NetName=GND Pin=C16-2
Removed Pin From Net: NetName=+5V Pin=LED1-2
Removed Pin From Net: NetName=+5V Pin=LED2-2
Removed Pin From Net: NetName=+5V Pin=LED3-2
Removed Pin From Net: NetName=+5V Pin=LED4-2
Removed Pin From Net: NetName=+5V Pin=LED5-2
Removed Pin From Net: NetName=+5V Pin=LED6-2
Removed Pin From Net: NetName=+5V Pin=LED7-2
Removed Pin From Net: NetName=+5V Pin=LED8-2
Removed Pin From Net: NetName=+5V Pin=LED9-2
Removed Pin From Net: NetName=GND Pin=LSD1-1
Removed Pin From Net: NetName=GND Pin=LSD1-1
Removed Pin From Net: NetName=+5V Pin=LSD1-2
Removed Pin From Net: NetName=+5V Pin=LSD1-2
Removed Pin From Net: NetName=GND Pin=LSD1-3
Removed Pin From Net: NetName=GND Pin=LSD1-3
Removed Pin From Net: NetName=+5V Pin=LSD1-15
Removed Pin From Net: NetName=+5V Pin=LSD1-15
Removed Pin From Net: NetName=GND Pin=R1-1
Removed Pin From Net: NetName=+3V3 Pin=R2-2
Removed Pin From Net: NetName=+3V3 Pin=R3-1
Removed Pin From Net: NetName=+5V Pin=R22-1
Removed Pin From Net: NetName=+5V Pin=R23-1
Removed Pin From Net: NetName=+5V Pin=R24-1
Removed Pin From Net: NetName=+5V Pin=R25-1
Removed Pin From Net: NetName=+5V Pin=R26-1
Removed Pin From Net: NetName=+5V Pin=R27-1
Removed Pin From Net: NetName=+5V Pin=R28-1
Removed Pin From Net: NetName=+5V Pin=R29-1
Removed Pin From Net: NetName=+5V Pin=R30-1
Removed Pin From Net: NetName=GND Pin=R40-1
Removed Pin From Net: NetName=+5V Pin=U1-1
Removed Pin From Net: NetName=+5V Pin=U1-2
Removed Pin From Net: NetName=+5V Pin=U1-3
Removed Pin From Net: NetName=GND Pin=U1-8
Removed Pin From Net: NetName=+5V Pin=U1-16
Removed Pin From Net: NetName=GND Pin=U2-1
Removed Pin From Net: NetName=+3V3 Pin=U2-2
Removed Pin From Net: NetName=+5V Pin=U2-3
Removed Pin From Net: NetName=+3V3 Pin=U2-4
Removed Pin From Net: NetName=+3V3 Pin=U3-1
Removed Pin From Net: NetName=GND Pin=U3-12
Removed Pin From Net: NetName=+3V3 Pin=U3-13
Removed Pin From Net: NetName=GND Pin=U3-31
Removed Pin From Net: NetName=+3V3 Pin=U3-32
Removed Pin From Net: NetName=GND Pin=U3-60
Removed Pin From Net: NetName=GND Pin=U3-63
Removed Pin From Net: NetName=+3V3 Pin=U3-64
Removed Pin From Net: NetName=GND Pin=U4-15
Removed Pin From Net: NetName=+3V3 Pin=U4-16
Removed Pin From Net: NetName=GND Pin=VT1-2
Removed Pin From Net: NetName=GND Pin=VT2-2
Removed Pin From Net: NetName=GND Pin=VT3-2
Removed Pin From Net: NetName=GND Pin=VT4-2
Removed Pin From Net: NetName=GND Pin=VT5-2
Removed Pin From Net: NetName=GND Pin=VT6-2
Removed Pin From Net: NetName=GND Pin=VT7-2
Removed Pin From Net: NetName=GND Pin=VT8-2
Removed Pin From Net: NetName=GND Pin=VT9-2
Removed Pin From Net: NetName=GND Pin=VT10-3
Removed Pin From Net: NetName=GND Pin=XP1-1
Removed Pin From Net: NetName=+3V3 Pin=XP1-4
Removed Pin From Net: NetName=GND Pin=XP5-1
Removed Pin From Net: NetName=GND Pin=XP5-2
Removed Pin From Net: NetName=+5V Pin=XP5-7
Removed Pin From Net: NetName=+5V Pin=XP5-8
Added Pin To Net: NetName=NetU5_1 Pin=U5-1
Added Net: Name=NetU5_1
Added Pin To Net: NetName=NetU5_10 Pin=U5-10
Added Net: Name=NetU5_10
Added Pin To Net: NetName=NetU5_11 Pin=U5-11
Added Net: Name=NetU5_11
Added Pin To Net: NetName=NetU5_14 Pin=U5-14
Added Net: Name=NetU5_14
Change Class Name : Old Net Name=U_PI_BUTTONS New Net Name=PI_R3_REV1_BUTTONS
Added Room: Name=PI_R3_REV1_BUTTONS
